<?xml version="1.0" encoding="UTF-8"?>
<!-- Generated by org.testng.reporters.JUnitReportReporter -->
<testsuite skipped="0" hostname="CSE-1405339" name="com.test.Test2" tests="4" failures="0" timestamp="09 Oct 2018 16:43:05 GMT" time="20.343" errors="0">
  <testcase name="testPageTitleSample2" time="20.335" classname="com.test.Test2"/>
  <testcase name="testSampleTwo" time="0.001" classname="com.test.Test2"/>
  <testcase name="testSampleThree" time="0.003" classname="com.test.Test2"/>
  <testcase name="testSampleOne" time="0.004" classname="com.test.Test2"/>
</testsuite> <!-- com.test.Test2 -->
