<?xml version="1.0" encoding="UTF-8"?>
<!-- Generated by org.testng.reporters.JUnitReportReporter -->
<testsuite skipped="0" hostname="CSE-1405339" name="com.test.Test1" tests="3" failures="0" timestamp="25 Oct 2018 17:06:07 GMT" time="20.911" errors="0">
  <testcase name="testPageTitleSample1" time="20.911" classname="com.test.Test1"/>
  <testcase name="testSampleThree" time="0.000" classname="com.test.Test1"/>
  <testcase name="testSampleTwo" time="0.000" classname="com.test.Test1"/>
</testsuite> <!-- com.test.Test1 -->
