<?xml version="1.0" encoding="UTF-8"?>
<!-- Generated by org.testng.reporters.JUnitReportReporter -->
<testsuite skipped="0" hostname="CSE-1405339" name="com.test.Test2" tests="4" failures="0" timestamp="10 Oct 2018 18:36:54 GMT" time="30.195" errors="0">
  <testcase name="testSampleThree" time="0.000" classname="com.test.Test2"/>
  <testcase name="testSampleTwo" time="0.000" classname="com.test.Test2"/>
  <testcase name="testPageTitleSample2" time="30.195" classname="com.test.Test2"/>
  <testcase name="testSampleOne" time="0.000" classname="com.test.Test2"/>
</testsuite> <!-- com.test.Test2 -->
